<?xml version="1.0" encoding="UTF-8"?>
<!-- Generated by org.testng.reporters.JUnitReportReporter -->
<testsuite skipped="0" hostname="sudheer-PC" name="testng_scenarios.GroupsTest" tests="3" failures="0" timestamp="29 May 2019 06:42:49 GMT" time="0.016" errors="0">
  <testcase name="test1" time="0.000" classname="testng_scenarios.GroupsTest"/>
  <testcase name="test10" time="0.000" classname="testng_scenarios.GroupsTest"/>
  <testcase name="login" time="0.016" classname="testng_scenarios.GroupsTest"/>
</testsuite> <!-- testng_scenarios.GroupsTest -->
