<?xml version="1.0" encoding="UTF-8"?>
<!-- Generated by org.testng.reporters.JUnitReportReporter -->
<testsuite skipped="0" hostname="sudheer-PC" name="testng_scenarios.FrameshandlingTest" tests="1" failures="0" timestamp="23 May 2019 03:54:34 GMT" time="0.157" errors="0">
  <testcase name="Framehandling" time="0.157" classname="testng_scenarios.FrameshandlingTest"/>
</testsuite> <!-- testng_scenarios.FrameshandlingTest -->
