<?xml version="1.0" encoding="UTF-8"?>
<!-- Generated by org.testng.reporters.JUnitReportReporter -->
<testsuite skipped="0" hostname="sudheer-PC" name="grid.Seleniumgrid_firefox" tests="2" failures="0" timestamp="07 Jun 2019 04:17:56 GMT" time="32.732" errors="0">
  <testcase name="linux" time="16.095" classname="grid.Seleniumgrid_firefox"/>
  <testcase name="windows" time="16.637" classname="grid.Seleniumgrid_firefox"/>
</testsuite> <!-- grid.Seleniumgrid_firefox -->
