<?xml version="1.0" encoding="UTF-8"?>
<!-- Generated by org.testng.reporters.JUnitReportReporter -->
<testsuite skipped="0" hostname="sudheer-PC" name="testng_scenarios.InformationCommands" tests="1" failures="0" timestamp="31 May 2019 03:41:59 GMT" time="0.164" errors="0">
  <testcase name="printDisplaynames_tooltip" time="0.164" classname="testng_scenarios.InformationCommands"/>
</testsuite> <!-- testng_scenarios.InformationCommands -->
