<?xml version="1.0" encoding="UTF-8"?>
<!-- Generated by org.testng.reporters.JUnitReportReporter -->
<testsuite skipped="0" hostname="sudheer-PC" name="datadriven.DataproviderTest" tests="4" failures="0" timestamp="18 Jun 2019 04:18:34 GMT" time="1.306" errors="0">
  <testcase name="test" time="0.313" classname="datadriven.DataproviderTest"/>
  <testcase name="test" time="0.436" classname="datadriven.DataproviderTest"/>
  <testcase name="test" time="0.285" classname="datadriven.DataproviderTest"/>
  <testcase name="test" time="0.272" classname="datadriven.DataproviderTest"/>
</testsuite> <!-- datadriven.DataproviderTest -->
