<?xml version="1.0" encoding="UTF-8"?>
<!-- Generated by org.testng.reporters.JUnitReportReporter -->
<testsuite skipped="0" hostname="sudheer-PC" name="testng_scenarios.ValidationCommands" tests="1" failures="0" timestamp="30 May 2019 17:09:19 GMT" time="0.289" errors="0">
  <testcase name="verifyOnewaySearch" time="0.289" classname="testng_scenarios.ValidationCommands"/>
</testsuite> <!-- testng_scenarios.ValidationCommands -->
