<?xml version="1.0" encoding="UTF-8"?>
<!-- Generated by org.testng.reporters.JUnitReportReporter -->
<testsuite skipped="0" hostname="sudheer-PC" name="testng_scenarios.SampleTest2" tests="2" failures="0" timestamp="21 May 2019 03:50:02 GMT" time="0.011" errors="0">
  <testcase name="test2" time="0.006" classname="testng_scenarios.SampleTest2"/>
  <testcase name="test3" time="0.005" classname="testng_scenarios.SampleTest2"/>
</testsuite> <!-- testng_scenarios.SampleTest2 -->
