<?xml version="1.0" encoding="UTF-8"?>
<!-- Generated by org.testng.reporters.JUnitReportReporter -->
<testsuite skipped="0" hostname="sudheer-PC" name="testng_scenarios.AuthenticationPopUpTest" tests="1" failures="0" timestamp="20 Jun 2019 03:50:04 GMT" time="17.612" errors="0">
  <testcase name="f" time="17.612" classname="testng_scenarios.AuthenticationPopUpTest"/>
</testsuite> <!-- testng_scenarios.AuthenticationPopUpTest -->
