<?xml version="1.0" encoding="UTF-8"?>
<!-- Generated by org.testng.reporters.JUnitReportReporter -->
<testsuite skipped="0" hostname="sudheer-PC" name="testng_scenarios.HtmlunitTest_headless" tests="1" failures="0" timestamp="24 May 2019 03:16:36 GMT" time="4.748" errors="0">
  <testcase name="browser" time="4.748" classname="testng_scenarios.HtmlunitTest_headless"/>
</testsuite> <!-- testng_scenarios.HtmlunitTest_headless -->
