<?xml version="1.0" encoding="UTF-8"?>
<!-- Generated by org.testng.reporters.JUnitReportReporter -->
<testsuite skipped="0" hostname="sudheer-PC" name="testng_scenarios.AssertTest" tests="1" failures="0" timestamp="10 Jun 2019 04:16:33 GMT" time="0.006" errors="0">
  <testcase name="login" time="0.006" classname="testng_scenarios.AssertTest"/>
</testsuite> <!-- testng_scenarios.AssertTest -->
