<?xml version="1.0" encoding="UTF-8"?>
<!-- Generated by org.testng.reporters.JUnitReportReporter -->
<testsuite skipped="0" hostname="sudheer-PC" name="testng_scenarios.SampleTest" tests="1" failures="0" timestamp="21 May 2019 03:01:03 GMT" time="0.005" errors="0">
  <testcase name="f" time="0.005" classname="testng_scenarios.SampleTest"/>
</testsuite> <!-- testng_scenarios.SampleTest -->
