<?xml version="1.0" encoding="UTF-8"?>
<!-- Generated by org.testng.reporters.JUnitReportReporter -->
<testsuite skipped="0" hostname="sudheer-PC" name="testng_scenarios.AjaxControl2" tests="1" failures="0" timestamp="28 May 2019 04:05:26 GMT" time="6.921" errors="0">
  <testcase name="f" time="6.921" classname="testng_scenarios.AjaxControl2"/>
</testsuite> <!-- testng_scenarios.AjaxControl2 -->
