<?xml version="1.0" encoding="UTF-8"?>
<!-- Generated by org.testng.reporters.JUnitReportReporter -->
<testsuite skipped="0" hostname="sudheer-PC" name="datadriven.DatasupplierTest" tests="2" failures="0" timestamp="14 Jun 2019 03:44:18 GMT" time="0.016" errors="0">
  <testcase name="f" time="0.000" classname="datadriven.DatasupplierTest"/>
  <testcase name="f" time="0.016" classname="datadriven.DatasupplierTest"/>
</testsuite> <!-- datadriven.DatasupplierTest -->
