<?xml version="1.0" encoding="UTF-8"?>
<!-- Generated by org.testng.reporters.JUnitReportReporter -->
<testsuite skipped="0" hostname="sudheer-PC" name="testng_scenarios.SampleTest5" tests="2" failures="0" timestamp="22 May 2019 03:16:29 GMT" time="0.006" errors="0">
  <testcase name="inbox" time="0.002" classname="testng_scenarios.SampleTest5"/>
  <testcase name="login" time="0.004" classname="testng_scenarios.SampleTest5"/>
</testsuite> <!-- testng_scenarios.SampleTest5 -->
