<?xml version="1.0" encoding="UTF-8"?>
<!-- Generated by org.testng.reporters.JUnitReportReporter -->
<testsuite skipped="1" hostname="sudheer-PC" name="listeners_implementation.InformationTest" tests="3" failures="0" timestamp="03 Jun 2019 04:04:41 GMT" time="9.641" errors="0">
  <testcase name="beforeTest" time="9.627" classname="listeners_implementation.InformationTest"/>
  <testcase name="afterTest" time="0.014" classname="listeners_implementation.InformationTest"/>
  <testcase name="Dropdown_tollnumber" classname="listeners_implementation.InformationTest">
    <skipped/>
  </testcase> <!-- Dropdown_tollnumber -->
</testsuite> <!-- listeners_implementation.InformationTest -->
