<?xml version="1.0" encoding="UTF-8"?>
<!-- Generated by org.testng.reporters.JUnitReportReporter -->
<testsuite skipped="0" hostname="sudheer-PC" name="testng_scenarios.FrameshandlingTest" tests="1" failures="0" timestamp="03 Sep 2019 20:51:25 GMT" time="2.363" errors="0">
  <testcase name="Framehandling" time="2.363" classname="testng_scenarios.FrameshandlingTest"/>
</testsuite> <!-- testng_scenarios.FrameshandlingTest -->
