<?xml version="1.0" encoding="UTF-8"?>
<!-- Generated by org.testng.reporters.JUnitReportReporter -->
<testsuite skipped="0" hostname="sudheer-PC" name="testng_scenarios.Chrome_headless" tests="1" failures="0" timestamp="28 May 2019 03:00:36 GMT" time="6.801" errors="0">
  <testcase name="browser" time="6.801" classname="testng_scenarios.Chrome_headless"/>
</testsuite> <!-- testng_scenarios.Chrome_headless -->
