<?xml version="1.0" encoding="UTF-8"?>
<!-- Generated by org.testng.reporters.JUnitReportReporter -->
<testsuite skipped="0" hostname="sudheer-PC" name="testng_scenarios.HandlingbrowserNotificationsTest" tests="1" failures="0" timestamp="19 Jun 2019 19:04:35 GMT" time="5.176" errors="0">
  <testcase name="f" time="5.176" classname="testng_scenarios.HandlingbrowserNotificationsTest"/>
</testsuite> <!-- testng_scenarios.HandlingbrowserNotificationsTest -->
