<?xml version="1.0" encoding="UTF-8"?>
<!-- Generated by org.testng.reporters.JUnitReportReporter -->
<testsuite skipped="0" hostname="sudheer-PC" name="testng_scenarios.SampleTest4" tests="2" failures="0" timestamp="21 May 2019 03:44:34 GMT" time="0.007" errors="0">
  <testcase name="test3" time="0.005" classname="testng_scenarios.SampleTest4"/>
  <testcase name="test2" time="0.002" classname="testng_scenarios.SampleTest4"/>
</testsuite> <!-- testng_scenarios.SampleTest4 -->
