<?xml version="1.0" encoding="UTF-8"?>
<!-- Generated by org.testng.reporters.JUnitReportReporter -->
<testsuite skipped="0" hostname="sudheer-PC" name="com.OHRMS.testcasescripts.LoginPageTest" tests="2" failures="0" timestamp="01 Jun 2019 06:54:47 GMT" time="1.348" errors="0">
  <testcase name="loginPageTitleTest" time="0.019" classname="com.OHRMS.testcasescripts.LoginPageTest"/>
  <testcase name="LoginTest" time="1.329" classname="com.OHRMS.testcasescripts.LoginPageTest"/>
</testsuite> <!-- com.OHRMS.testcasescripts.LoginPageTest -->
