<?xml version="1.0" encoding="UTF-8"?>
<!-- Generated by org.testng.reporters.JUnitReportReporter -->
<testsuite skipped="0" hostname="sudheer-PC" name="com.OHRMS.testcasescripts.LoginPageTest" tests="2" failures="0" timestamp="30 Sep 2019 17:26:03 GMT" time="2.206" errors="0">
  <testcase name="loginPageTitleTest" time="0.016" classname="com.OHRMS.testcasescripts.LoginPageTest"/>
  <testcase name="LoginTest" time="2.190" classname="com.OHRMS.testcasescripts.LoginPageTest"/>
</testsuite> <!-- com.OHRMS.testcasescripts.LoginPageTest -->
