<?xml version="1.0" encoding="UTF-8"?>
<!-- Generated by org.testng.reporters.JUnitReportReporter -->
<testsuite hostname="sudheer-PC" failures="0" tests="1" name="com.OHRMS.testcasescripts.HomePageTest" time="11.676" errors="0" timestamp="12 Feb 2019 07:43:36 GMT" skipped="0">
  <testcase classname="com.OHRMS.testcasescripts.HomePageTest" name="verifyHomePageTitleTest" time="11.676"/>
</testsuite> <!-- com.OHRMS.testcasescripts.HomePageTest -->
